# JRE version: OpenJDK Runtime Environment (11.0.12+7) (build 11.0.12+7-b1504.28-7817840)
# Java VM: OpenJDK 64-Bit Server VM (11.0.12+7-b1504.28-7817840, mixed mode, tiered, compressed oops, g1 gc, windows-amd64)
Heap:
 garbage-first heap   total 131072K, used 44137K [0x0000000081a00000, 0x0000000100000000)
  region size 1024K, 25 young (25600K), 2 survivors (2048K)
 Metaspace       used 39260K, capacity 39741K, committed 40064K, reserved 1085440K
  class space    used 4717K, capacity 4897K, committed 4992K, reserved 1048576K
GC Heap History (8 events):
Event: 1.465 GC heap before
{Heap before GC invocations=0 (full 0):
 garbage-first heap   total 131072K, used 17408K [0x0000000081a00000, 0x0000000100000000)
  region size 1024K, 14 young (14336K), 0 survivors (0K)
 Metaspace       used 9850K, capacity 10002K, committed 10112K, reserved 1058816K
  class space    used 840K, capacity 885K, committed 896K, reserved 1048576K
}
Event: 1.483 GC heap after
{Heap after GC invocations=1 (full 0):
 garbage-first heap   total 131072K, used 5237K [0x0000000081a00000, 0x0000000100000000)
  region size 1024K, 2 young (2048K), 2 survivors (2048K)
 Metaspace       used 9850K, capacity 10002K, committed 10112K, reserved 1058816K
  class space    used 840K, capacity 885K, committed 896K, reserved 1048576K
}
Event: 3.731 GC heap before
{Heap before GC invocations=1 (full 0):
 garbage-first heap   total 131072K, used 49269K [0x0000000081a00000, 0x0000000100000000)
  region size 1024K, 46 young (47104K), 2 survivors (2048K)
 Metaspace       used 20790K, capacity 20990K, committed 21248K, reserved 1069056K
  class space    used 2197K, capacity 2280K, committed 2304K, reserved 1048576K
}
Event: 3.759 GC heap after
{Heap after GC invocations=2 (full 0):
 garbage-first heap   total 131072K, used 9154K [0x0000000081a00000, 0x0000000100000000)
  region size 1024K, 6 young (6144K), 6 survivors (6144K)
 Metaspace       used 20790K, capacity 20990K, committed 21248K, reserved 1069056K
  class space    used 2197K, capacity 2280K, committed 2304K, reserved 1048576K
}
Event: 6.459 GC heap before
{Heap before GC invocations=3 (full 0):
 garbage-first heap   total 131072K, used 60354K [0x0000000081a00000, 0x0000000100000000)
  region size 1024K, 51 young (52224K), 6 survivors (6144K)
 Metaspace       used 32248K, capacity 32692K, committed 32896K, reserved 1077248K
  class space    used 4025K, capacity 4214K, committed 4224K, reserved 1048576K
}
Event: 6.483 GC heap after
{Heap after GC invocations=4 (full 0):
 garbage-first heap   total 131072K, used 19973K [0x0000000081a00000, 0x0000000100000000)
  region size 1024K, 6 young (6144K), 6 survivors (6144K)
 Metaspace       used 32248K, capacity 32692K, committed 32896K, reserved 1077248K
  class space    used 4025K, capacity 4214K, committed 4224K, reserved 1048576K
}
Event: 7.292 GC heap before
{Heap before GC invocations=4 (full 0):
 garbage-first heap   total 131072K, used 32261K [0x0000000081a00000, 0x0000000100000000)
  region size 1024K, 19 young (19456K), 6 survivors (6144K)
 Metaspace       used 35032K, capacity 35455K, committed 35584K, reserved 1081344K
  class space    used 4337K, capacity 4538K, committed 4608K, reserved 1048576K
}
Event: 7.312 GC heap after
{Heap after GC invocations=5 (full 0):
 garbage-first heap   total 131072K, used 21609K [0x0000000081a00000, 0x0000000100000000)
  region size 1024K, 2 young (2048K), 2 survivors (2048K)
 Metaspace       used 35032K, capacity 35455K, committed 35584K, reserved 1081344K
  class space    used 4337K, capacity 4538K, committed 4608K, reserved 1048576K
}

